2011/07/13 12:36:38 [error] [exception.CException] exception 'CException' with message 'CAssetManager.basePath "/Applications/MAMP/htdocs/zeunicv1/assets" is invalid. Please make sure the directory exists and is writable by the Web server process.' in /Applications/MAMP/htdocs/yii-1.1.8.r3324/framework/web/CAssetManager.php:112
Stack trace:
#0 /Applications/MAMP/htdocs/yii-1.1.8.r3324/framework/web/CAssetManager.php(97): CAssetManager->setBasePath('/Applications/M...')
#1 /Applications/MAMP/htdocs/yii-1.1.8.r3324/framework/web/CAssetManager.php(207): CAssetManager->getBasePath()
#2 /Applications/MAMP/htdocs/yii-1.1.8.r3324/framework/web/CClientScript.php(453): CAssetManager->publish('/Applications/M...')
#3 /Applications/MAMP/htdocs/yii-1.1.8.r3324/framework/web/CClientScript.php(490): CClientScript->getCoreScriptUrl()
#4 /Applications/MAMP/htdocs/yii-1.1.8.r3324/framework/web/CClientScript.php(306): CClientScript->getPackageBaseUrl('jquery')
#5 /Applications/MAMP/htdocs/yii-1.1.8.r3324/framework/web/CClientScript.php(197): CClientScript->renderCoreScripts()
#6 /Applications/MAMP/htdocs/yii-1.1.8.r3324/framework/web/CController.php(343): CClientScript->render('<!DOCTYPE html ...')
#7 /Applications/MAMP/htdocs/yii-1.1.8.r3324/framework/web/CController.php(785): CController->processOutput('<!DOCTYPE html ...')
#8 /Applications/MAMP/htdocs/zeunicv1/protected/controllers/SiteController.php(66): CController->render('contact', Array)
#9 /Applications/MAMP/htdocs/yii-1.1.8.r3324/framework/web/actions/CInlineAction.php(50): SiteController->actionContact()
#10 /Applications/MAMP/htdocs/yii-1.1.8.r3324/framework/web/CController.php(300): CInlineAction->runWithParams(Array)
#11 /Applications/MAMP/htdocs/yii-1.1.8.r3324/framework/web/CController.php(278): CController->runAction(Object(CInlineAction))
#12 /Applications/MAMP/htdocs/yii-1.1.8.r3324/framework/web/CController.php(257): CController->runActionWithFilters(Object(CInlineAction), Array)
#13 /Applications/MAMP/htdocs/yii-1.1.8.r3324/framework/web/CWebApplication.php(277): CController->run('contact')
#14 /Applications/MAMP/htdocs/yii-1.1.8.r3324/framework/web/CWebApplication.php(136): CWebApplication->runController('site/contact')
#15 /Applications/MAMP/htdocs/yii-1.1.8.r3324/framework/base/CApplication.php(158): CWebApplication->processRequest()
#16 /Applications/MAMP/htdocs/zeunicv1/index.php(13): CApplication->run()
#17 {main} REQUEST_URI=/zeunicv1/index.php?r=site/contact
2011/07/13 12:36:41 [error] [exception.CException] exception 'CException' with message 'CAssetManager.basePath "/Applications/MAMP/htdocs/zeunicv1/assets" is invalid. Please make sure the directory exists and is writable by the Web server process.' in /Applications/MAMP/htdocs/yii-1.1.8.r3324/framework/web/CAssetManager.php:112
Stack trace:
#0 /Applications/MAMP/htdocs/yii-1.1.8.r3324/framework/web/CAssetManager.php(97): CAssetManager->setBasePath('/Applications/M...')
#1 /Applications/MAMP/htdocs/yii-1.1.8.r3324/framework/web/CAssetManager.php(207): CAssetManager->getBasePath()
#2 /Applications/MAMP/htdocs/yii-1.1.8.r3324/framework/web/CClientScript.php(453): CAssetManager->publish('/Applications/M...')
#3 /Applications/MAMP/htdocs/yii-1.1.8.r3324/framework/web/CClientScript.php(490): CClientScript->getCoreScriptUrl()
#4 /Applications/MAMP/htdocs/yii-1.1.8.r3324/framework/web/CClientScript.php(306): CClientScript->getPackageBaseUrl('jquery')
#5 /Applications/MAMP/htdocs/yii-1.1.8.r3324/framework/web/CClientScript.php(197): CClientScript->renderCoreScripts()
#6 /Applications/MAMP/htdocs/yii-1.1.8.r3324/framework/web/CController.php(343): CClientScript->render('<!DOCTYPE html ...')
#7 /Applications/MAMP/htdocs/yii-1.1.8.r3324/framework/web/CController.php(785): CController->processOutput('<!DOCTYPE html ...')
#8 /Applications/MAMP/htdocs/zeunicv1/protected/controllers/SiteController.php(66): CController->render('contact', Array)
#9 /Applications/MAMP/htdocs/yii-1.1.8.r3324/framework/web/actions/CInlineAction.php(50): SiteController->actionContact()
#10 /Applications/MAMP/htdocs/yii-1.1.8.r3324/framework/web/CController.php(300): CInlineAction->runWithParams(Array)
#11 /Applications/MAMP/htdocs/yii-1.1.8.r3324/framework/web/CController.php(278): CController->runAction(Object(CInlineAction))
#12 /Applications/MAMP/htdocs/yii-1.1.8.r3324/framework/web/CController.php(257): CController->runActionWithFilters(Object(CInlineAction), Array)
#13 /Applications/MAMP/htdocs/yii-1.1.8.r3324/framework/web/CWebApplication.php(277): CController->run('contact')
#14 /Applications/MAMP/htdocs/yii-1.1.8.r3324/framework/web/CWebApplication.php(136): CWebApplication->runController('site/contact')
#15 /Applications/MAMP/htdocs/yii-1.1.8.r3324/framework/base/CApplication.php(158): CWebApplication->processRequest()
#16 /Applications/MAMP/htdocs/zeunicv1/index.php(13): CApplication->run()
#17 {main} REQUEST_URI=/zeunicv1/index.php?r=site/contact
2011/07/13 12:36:55 [error] [exception.CException] exception 'CException' with message 'CAssetManager.basePath "/Applications/MAMP/htdocs/zeunicv1/assets" is invalid. Please make sure the directory exists and is writable by the Web server process.' in /Applications/MAMP/htdocs/yii-1.1.8.r3324/framework/web/CAssetManager.php:112
Stack trace:
#0 /Applications/MAMP/htdocs/yii-1.1.8.r3324/framework/web/CAssetManager.php(97): CAssetManager->setBasePath('/Applications/M...')
#1 /Applications/MAMP/htdocs/yii-1.1.8.r3324/framework/web/CAssetManager.php(207): CAssetManager->getBasePath()
#2 /Applications/MAMP/htdocs/yii-1.1.8.r3324/framework/web/CClientScript.php(453): CAssetManager->publish('/Applications/M...')
#3 /Applications/MAMP/htdocs/yii-1.1.8.r3324/framework/web/CClientScript.php(490): CClientScript->getCoreScriptUrl()
#4 /Applications/MAMP/htdocs/yii-1.1.8.r3324/framework/web/CClientScript.php(306): CClientScript->getPackageBaseUrl('jquery')
#5 /Applications/MAMP/htdocs/yii-1.1.8.r3324/framework/web/CClientScript.php(197): CClientScript->renderCoreScripts()
#6 /Applications/MAMP/htdocs/yii-1.1.8.r3324/framework/web/CController.php(343): CClientScript->render('<!DOCTYPE html ...')
#7 /Applications/MAMP/htdocs/yii-1.1.8.r3324/framework/web/CController.php(785): CController->processOutput('<!DOCTYPE html ...')
#8 /Applications/MAMP/htdocs/zeunicv1/protected/controllers/SiteController.php(92): CController->render('login', Array)
#9 /Applications/MAMP/htdocs/yii-1.1.8.r3324/framework/web/actions/CInlineAction.php(50): SiteController->actionLogin()
#10 /Applications/MAMP/htdocs/yii-1.1.8.r3324/framework/web/CController.php(300): CInlineAction->runWithParams(Array)
#11 /Applications/MAMP/htdocs/yii-1.1.8.r3324/framework/web/CController.php(278): CController->runAction(Object(CInlineAction))
#12 /Applications/MAMP/htdocs/yii-1.1.8.r3324/framework/web/CController.php(257): CController->runActionWithFilters(Object(CInlineAction), Array)
#13 /Applications/MAMP/htdocs/yii-1.1.8.r3324/framework/web/CWebApplication.php(277): CController->run('login')
#14 /Applications/MAMP/htdocs/yii-1.1.8.r3324/framework/web/CWebApplication.php(136): CWebApplication->runController('site/login')
#15 /Applications/MAMP/htdocs/yii-1.1.8.r3324/framework/base/CApplication.php(158): CWebApplication->processRequest()
#16 /Applications/MAMP/htdocs/zeunicv1/index.php(13): CApplication->run()
#17 {main} REQUEST_URI=/zeunicv1/index.php?r=site/login
